<?xml version="1.0" encoding="UTF-8"?>
<!-- Generated by org.testng.reporters.JUnitXMLReporter -->
<testsuite ignored="0" hostname="LAPTOP-9JMPPDEE" failures="0" tests="5" name="Chrome Tests" time="24.606" errors="0" timestamp="2024-12-14T22:56:41 IST">
  <testcase classname="common.MenuTests" name="verifyMenuItems" time="0.545"/>
  <testcase classname="common.MenuTests" name="validateMenuTitles" time="0.125"/>
  <testcase classname="common.MenuTests" name="validateUniqueLinks" time="0.266"/>
  <testcase classname="common.MenuTests" name="verifyMyAccountPageElements" time="7.317"/>
  <testcase classname="common.MenuTests" name="extractDashboardText" time="0.219"/>
</testsuite> <!-- Chrome Tests -->
