<?xml version="1.0" encoding="UTF-8"?>
<!-- Generated by org.testng.reporters.JUnitXMLReporter -->
<testsuite ignored="0" hostname="LAPTOP-9JMPPDEE" failures="0" tests="5" name="Chrome Test" time="27.206" errors="0" timestamp="2024-12-14T23:33:52 IST">
  <testcase classname="common.MenuTests" name="verifyMenuItems" time="2.324"/>
  <testcase classname="common.MenuTests" name="validateMenuTitles" time="1.08"/>
  <testcase classname="common.MenuTests" name="validateUniqueLinks" time="0.494"/>
  <testcase classname="common.MenuTests" name="verifyMyAccountPageElements" time="12.298"/>
  <testcase classname="common.MenuTests" name="extractDashboardText" time="0.121"/>
</testsuite> <!-- Chrome Test -->
