<?xml version="1.0" encoding="UTF-8"?>
<!-- Generated by org.testng.reporters.JUnitXMLReporter -->
<testsuite ignored="0" hostname="LAPTOP-9JMPPDEE" failures="0" tests="5" name="Chrome Test" time="30.044" errors="0" timestamp="2024-12-14T23:10:12 IST">
  <testcase classname="common.MenuTests" name="verifyMenuItems" time="2.207"/>
  <testcase classname="common.MenuTests" name="validateMenuTitles" time="0.219"/>
  <testcase classname="common.MenuTests" name="validateUniqueLinks" time="0.512"/>
  <testcase classname="common.MenuTests" name="verifyMyAccountPageElements" time="12.637"/>
  <testcase classname="common.MenuTests" name="extractDashboardText" time="0.146"/>
</testsuite> <!-- Chrome Test -->
