<?xml version="1.0" encoding="UTF-8"?>
<!-- Generated by org.testng.reporters.JUnitXMLReporter -->
<testsuite ignored="0" hostname="LAPTOP-9JMPPDEE" failures="0" tests="5" name="Firefox Tests" time="31.113" errors="0" timestamp="2024-12-14T22:56:47 IST">
  <testcase classname="common.MenuTests" name="verifyMenuItems" time="0.511"/>
  <testcase classname="common.MenuTests" name="validateMenuTitles" time="0.105"/>
  <testcase classname="common.MenuTests" name="validateUniqueLinks" time="0.091"/>
  <testcase classname="common.MenuTests" name="verifyMyAccountPageElements" time="3.325"/>
  <testcase classname="common.MenuTests" name="extractDashboardText" time="0.142"/>
</testsuite> <!-- Firefox Tests -->
