<?xml version="1.0" encoding="UTF-8"?>
<!-- Generated by org.testng.reporters.JUnitXMLReporter -->
<testsuite ignored="0" hostname="LAPTOP-9JMPPDEE" failures="0" tests="5" name="Firefox Test" time="25.803" errors="0" timestamp="2024-12-14T23:33:50 IST">
  <testcase classname="common.MenuTests" name="verifyMenuItems" time="1.523"/>
  <testcase classname="common.MenuTests" name="validateMenuTitles" time="1.612"/>
  <testcase classname="common.MenuTests" name="validateUniqueLinks" time="0.408"/>
  <testcase classname="common.MenuTests" name="verifyMyAccountPageElements" time="5.545"/>
  <testcase classname="common.MenuTests" name="extractDashboardText" time="0.265"/>
</testsuite> <!-- Firefox Test -->
