<?xml version="1.0" encoding="UTF-8"?>
<!-- Generated by org.testng.reporters.JUnitXMLReporter -->
<testsuite ignored="0" hostname="LAPTOP-9JMPPDEE" failures="0" tests="5" name="Firefox Test" time="30.05" errors="0" timestamp="2024-12-14T23:10:12 IST">
  <testcase classname="common.MenuTests" name="verifyMenuItems" time="1.262"/>
  <testcase classname="common.MenuTests" name="validateMenuTitles" time="1.506"/>
  <testcase classname="common.MenuTests" name="validateUniqueLinks" time="1.44"/>
  <testcase classname="common.MenuTests" name="verifyMyAccountPageElements" time="7.256"/>
  <testcase classname="common.MenuTests" name="extractDashboardText" time="0.384"/>
</testsuite> <!-- Firefox Test -->
