<?xml version="1.0" encoding="UTF-8"?>
<!-- Generated by org.testng.reporters.JUnitXMLReporter -->
<testsuite ignored="4" hostname="LAPTOP-9JMPPDEE" failures="0" tests="2" name="Default test" time="13.492" errors="0" timestamp="2024-12-14T12:32:05 IST">
  <testcase classname="common.New_Version" name="Test" time="0.029"/>
  <testcase classname="common.New_Version" name="extractAccountDashboardText" time="0.052"/>
  <testcase classname="common.New_Version" name="menus" time="0.0">
    <ignored/>
  </testcase> <!-- menus -->
  <testcase classname="common.New_Version" name="Setmenus" time="0.0">
    <ignored/>
  </testcase> <!-- Setmenus -->
  <testcase classname="common.New_Version" name="arraymenus" time="0.0">
    <ignored/>
  </testcase> <!-- arraymenus -->
  <testcase classname="common.New_Version" name="mapmenus" time="0.0">
    <ignored/>
  </testcase> <!-- mapmenus -->
</testsuite> <!-- Default test -->
