<?xml version="1.0" encoding="UTF-8"?>
<!-- Generated by org.testng.reporters.JUnitXMLReporter -->
<testsuite ignored="0" hostname="LAPTOP-9JMPPDEE" failures="0" tests="6" name="Test" time="11.77" errors="0" timestamp="2024-12-14T12:33:47 IST">
  <testcase classname="common.New_Version" name="Test" time="0.029"/>
  <testcase classname="common.New_Version" name="menus" time="0.142"/>
  <testcase classname="common.New_Version" name="arraymenus" time="0.106"/>
  <testcase classname="common.New_Version" name="Setmenus" time="0.343"/>
  <testcase classname="common.New_Version" name="mapmenus" time="4.374"/>
  <testcase classname="common.New_Version" name="extractAccountDashboardText" time="0.242"/>
</testsuite> <!-- Test -->
