<?xml version="1.0" encoding="UTF-8"?>
<testng-results ignored="0" total="6" passed="6" failed="0" skipped="0">
  <reporter-output>
  </reporter-output>
  <suite started-at="2024-12-14T12:33:35 IST" name="Suite" finished-at="2024-12-14T12:33:47 IST" duration-ms="11770">
    <groups>
    </groups>
    <test started-at="2024-12-14T12:33:35 IST" name="Test" finished-at="2024-12-14T12:33:47 IST" duration-ms="11770">
      <class name="common.New_Version">
        <test-method is-config="true" signature="setUp()[pri:0, instance:common.New_Version@35dab4eb]" started-at="2024-12-14T12:33:35 IST" name="setUp" finished-at="2024-12-14T12:33:41 IST" duration-ms="6299" status="PASS">
          <reporter-output>
          </reporter-output>
        </test-method> <!-- setUp -->
        <test-method signature="Test()[pri:0, instance:common.New_Version@35dab4eb]" started-at="2024-12-14T12:33:41 IST" name="Test" finished-at="2024-12-14T12:33:42 IST" duration-ms="29" status="PASS">
          <reporter-output>
          </reporter-output>
        </test-method> <!-- Test -->
        <test-method signature="menus()[pri:1, instance:common.New_Version@35dab4eb]" started-at="2024-12-14T12:33:42 IST" name="menus" finished-at="2024-12-14T12:33:42 IST" duration-ms="142" status="PASS">
          <reporter-output>
          </reporter-output>
        </test-method> <!-- menus -->
        <test-method signature="arraymenus()[pri:2, instance:common.New_Version@35dab4eb]" started-at="2024-12-14T12:33:42 IST" name="arraymenus" finished-at="2024-12-14T12:33:42 IST" duration-ms="106" status="PASS">
          <reporter-output>
          </reporter-output>
        </test-method> <!-- arraymenus -->
        <test-method signature="Setmenus()[pri:3, instance:common.New_Version@35dab4eb]" started-at="2024-12-14T12:33:42 IST" name="Setmenus" finished-at="2024-12-14T12:33:42 IST" duration-ms="343" status="PASS">
          <reporter-output>
          </reporter-output>
        </test-method> <!-- Setmenus -->
        <test-method signature="mapmenus()[pri:4, instance:common.New_Version@35dab4eb]" started-at="2024-12-14T12:33:42 IST" name="mapmenus" finished-at="2024-12-14T12:33:47 IST" duration-ms="4374" status="PASS">
          <reporter-output>
          </reporter-output>
        </test-method> <!-- mapmenus -->
        <test-method signature="extractAccountDashboardText()[pri:5, instance:common.New_Version@35dab4eb]" started-at="2024-12-14T12:33:47 IST" name="extractAccountDashboardText" finished-at="2024-12-14T12:33:47 IST" duration-ms="242" status="PASS">
          <reporter-output>
          </reporter-output>
        </test-method> <!-- extractAccountDashboardText -->
      </class> <!-- common.New_Version -->
    </test> <!-- Test -->
  </suite> <!-- Suite -->
</testng-results>
